TN:
SF:src\App.tsx
FN:4,App
FNF:1
FNH:1
FNDA:3,App
DA:1,1
DA:2,1
DA:3,1
DA:4,3
DA:5,3
DA:6,3
DA:7,1
DA:8,1
LF:8
LH:8
BRDA:4,0,0,3
BRF:1
BRH:1
end_of_record
TN:
SF:src\components\List.tsx
FN:7,List
FN:11,addToList
FN:17,removeFromList
FN:28,onChange
FN:34,onClick
FNF:5
FNH:5
FNDA:19,List
FNDA:2,addToList
FNDA:2,removeFromList
FNDA:8,onChange
FNDA:2,onClick
DA:1,1
DA:2,1
DA:3,1
DA:4,1
DA:5,1
DA:6,1
DA:7,19
DA:8,19
DA:9,19
DA:10,19
DA:11,19
DA:12,2
DA:13,2
DA:14,2
DA:15,2
DA:16,19
DA:17,19
DA:18,2
DA:19,2
DA:20,2
DA:21,2
DA:22,19
DA:23,19
DA:24,19
DA:25,19
DA:26,19
DA:27,19
DA:28,19
DA:29,19
DA:30,19
DA:31,19
DA:32,19
DA:33,37
DA:34,19
DA:35,19
DA:36,19
DA:37,19
DA:38,19
DA:39,19
DA:40,19
DA:41,1
DA:42,1
LF:42
LH:42
BRDA:7,0,0,19
BRDA:11,1,0,2
BRDA:12,2,0,2
BRDA:13,3,0,2
BRDA:17,4,0,2
BRDA:18,5,0,2
BRDA:19,6,0,2
BRDA:19,7,0,6
BRDA:28,8,0,8
BRDA:32,9,0,37
BRDA:34,10,0,2
BRF:11
BRH:11
end_of_record
TN:
SF:src\test\setup.ts
FNF:0
FNH:0
DA:1,1
LF:1
LH:1
BRF:0
BRH:0
end_of_record
